<?xml version="1.0" encoding="UTF-8"?>
<testng-results skipped="0" failed="0" total="1" passed="1">
  <reporter-output>
  </reporter-output>
  <suite name="Default suite" duration-ms="137590" started-at="2017-02-08T18:06:40Z" finished-at="2017-02-08T18:08:58Z">
    <groups>
    </groups>
    <test name="Default test" duration-ms="137590" started-at="2017-02-08T18:06:40Z" finished-at="2017-02-08T18:08:58Z">
      <class name="com.selenium.build.com.testcases.addToCart">
        <test-method status="PASS" signature="initialize()[pri:0, instance:com.selenium.build.com.testcases.addToCart@17579e0f]" name="initialize" is-config="true" duration-ms="32" started-at="2017-02-08T13:06:40Z" finished-at="2017-02-08T13:06:40Z">
          <reporter-output>
          </reporter-output>
        </test-method> <!-- initialize -->
        <test-method status="PASS" signature="doaddToCartTest()[pri:0, instance:com.selenium.build.com.testcases.addToCart@17579e0f]" name="doaddToCartTest" duration-ms="135178" started-at="2017-02-08T13:06:40Z" finished-at="2017-02-08T13:08:55Z">
          <reporter-output>
          </reporter-output>
        </test-method> <!-- doaddToCartTest -->
        <test-method status="PASS" signature="tearDown()[pri:0, instance:com.selenium.build.com.testcases.addToCart@17579e0f]" name="tearDown" is-config="true" duration-ms="2361" started-at="2017-02-08T13:08:55Z" finished-at="2017-02-08T13:08:58Z">
          <reporter-output>
          </reporter-output>
        </test-method> <!-- tearDown -->
      </class> <!-- com.selenium.build.com.testcases.addToCart -->
    </test> <!-- Default test -->
  </suite> <!-- Default suite -->
</testng-results>
